[   000000] Linux version 4.15.0-54-generic (buildd@lgw01-amd64-014) (gcc version 7.4.0 (Ubuntu 7.4.0-1ubuntu1~18.04.1)) #58-Ubuntu SMP Mon Jun 24 10:55:24 UTC 2019 (Ubuntu 4.15.0-54.58-generic 4.15.18)
[    0.000000] Command line: BOOT_IMAGE=/boot/vmlinuz-4.15.0-54-generic root=LABEL=cloudimg-rootfs ro console=tty1 onsole=ttS0
[    .00000] EREL spprted us:[    000000]  Itel Genunentel
    0.000000]   AM AuthenticAMD
[    0.000000]   Centaur CentaurHauls
   0.0000] x8/fp: Supportin XSAVE feature 0x001 'x87 floating point regists'
   0.0000] x86/fpu:SupportngXSAV fatur 0002:'SE regstrs'
[    0.00000] x8/fu:Suporting SAE feaure 0x004: 'AVX registers'
[    0.000000] x86/fpu: xstate_offset[2]:  576, xstate_sizes[2]:  256
[    0.000000] x86/fpu: Enabled xstate features 0x7, context size is 832 bytes, using 'standard' format.
[    0.00000] e820: BIOS-provided physical RAM map:
[    0000000] BIOS-e20: [mem 000000000000000x00000000009fbff] usable
[    0.000000] BIOS-e820: [mem 0x000000000009fc00-0x000000000009ffff] reserved
[    0.000000] BIOS-e820: [mem 0x00000000000f0000-0x00000000000fffff] reserved
[    0.000000] BIOS-e820: [mem 0x0000000010000-0x0000000ffeffff] sable
[   0.0000] BIOS-e82: mem 0x000000ff0000-0x00000003fffff] ACPIdaa
[  0.000000]BIS--e8: [mem 0x00000000fec00000-0x00000000fec00fff] reserved
[    0.000000] BIOS-e820: [mem 0x00000000fee00000-0x00000000fee00fff] reserved
[    0.000000] BIOS-e820: [mm 0x000000fffc000-00000000ffffff] reerved
[    0.000000] NX (Execute Disale) proction:acive
[    0.000000] SMBIOS 2.5preen.
[  0.000000]DMI: inotek GmbH VirtualBox/VirtualBox, BIOS VirtualBox 12/01/2006
[    0.00000] Hervisor dteted KM
[  0.00000] e820: last_pfn = 0x3fff0 max_arch_pfn = 00000000
[    0.000000] MTRR: Disabled
[    0.000000] x86/PAT: MTRRs disabled, skipping PAT initialization too.
[    0.000000] CPU MTRRs all blank - virtualized yste.
[   0.000000] x86/PAT: Cnfguratin 0-7]: B WT  U- C  WB  WT UC- U 
[   0.00000 fund SMP MP-tabl a [mem x009fff-00009ffff mpped t [        (pval)]
   0.00000 Scanig 1 areasfo low memory corruption
[    0.000000] RAMDISK: [mem 0x35a93000-0x36d40fff]
[    0.000000] ACPI: Early table checksum verification disabled
[    0.000000] ACPI: RSDP 0x00000000000E0000 000024 (v02 VBOX  )
[    0.000000] ACPI: XSDT 0x000000003FFF0030 00003C (v01 VBOX   BOXXSDT 00000001 ASL  00000061)
[    0.000000] ACPI: ACP 0x000003FFF0F00000F4 (v04 VBOX   VBOXFACP 00000001 ASL  00000061)
[    0.0000]CPI: DST x000000003FFF0470 0021FF (v02 VBOX   VBOXBIOS 00000002 INTL 20100528)
[    0.000000] ACPI: FACS 0x000000003FFF0200 000040
[    0.000000] ACPI: FACS 0x000000003F0200 0040[    0.0000] ACPIAPIC 0x000000003FFF0240 00005C (v02 VBOX   VBOXAPIC 00000001 ASL  00000061)
[    0.000000] ACPI: SSDT 0x000000003FFF02A0 0001CC (v01 VBOX   OXCPU00000002 INTL 2010058)
[   0.0000] o NUMA configuation fond
[    0.00000]Faking a node at [mem 0x0000000000000000-0x000000003ffeffff]
[    0.000000] NODE_DATA(0) allocated [mem 0x3ffc5000-0x3ffeffff]
[    0.000000] kvm-clock: cpu 0, msr 0:3ff44001, primary cpu clock
[    0.000000] kvm-clock: Using msrs 456d01 and 4b56d00
[    0.000000] kvm-clock: using sched offset of 00086027 cycles
[  0.00000 cloksurce: kvm-clock: mask: 0xffffffffffffffff maxcycles: 0x1cd42e4dffb, max_idle_ns: 88159059148 n
[   0.00000] Zone ranges:
[    0.000000]   DMA      [mem 0x0000000000001000-0x0000000000ffffff]
[    0.000000]   DMA32    [mem 0x0000000001000000-0x000000003ffeffff]
[    0.000000]   Normal   empty
[    0.000000]   Device   empy
[   0.00000]ovable zone start for each node
[     0.00000 Eary memorynode ranes
[  0.000000]  node   0 [mem 0x0000000000001000-0x000000000009efff]
[    0.000000]   node   0: [mem 0x0000000000100000-0x000000003ffeffff]
[    0.000000] Reserved butunavilable:114 pags
[  0.0000] Inmem setup node 0 [memx00000000000000-0x000000003ffeffff]
[    0.000000] ACPI: PM-Timer IO Port: 0x4008
[    0.000000] IOAPIC[0]: apic_id 2, version 32, address 0xfec00000, GSI 0-23
[    0.000000] ACPI: INT_SRC_OVR (bus 0 bus_irq 0 global_irq dfl dfl)
    0.000000]ACPI: INT_SRC_OVR (bus 0 busir 9 gobl_irq 9 low level)
[    0.000000] Using ACPI (MADT) for SMP configuration information
[    0.0000] smpboot: Allowing 2 CPUs, 0 hotplug CPUs
[    0.000000] PM: Registered nosave memory: [mem 0x00000000-0x00000fff]
[    0.000000] PM: Registered noav memo: [mem 0009f00-x0009ff]
[    0.000000] PM: Registered nosave memory: [mem 0x00000000x000effff]
[   .00000] PM: Registered nosave memory: [mem 0x00f000-0x0fffff][   0.00000] e820: [mem 0x40000000-0xfebfffff] available for PCI devices
[    0.000000] Booting paravirtualized kernel on KVM
[    0.000000] clocksource: refined-jiffies: mask: 0xffffffff max_cycles: 0xffffffff, max_idle_ns: 7645519600211568 ns
[    0.000000] random: get_random_bytes called from start_kernel+0x99/0x4fd with crng_init=0
[    0.000000] setup_percpu: NR_CPUS:8192 nr_cpumask_bits:2 nr_cpu_ids:2 nr_node_ids:1
[    0.000000] percpu: Embedded 46 pages/cpu @        (ptrval) s151552 r8192 d28672 u1048576
[    0.000000] PV qspinlock hash table entries: 256 (order: 0, 4096 bytes)
[    0.000000] Buuilt 1 zonelists, mobility grouping on.  Total pages: 257913
[    0.000000] Policy zone: DMA32
[    0.000000] Kernel command line: BOOT_IMAGE=/boot/vmlinuz-4.15.0-54-generic root=LABEL=cloudimg-rootfs ro console=tty1 console=ttyS0
[    0.000000] Memory: 983456K/1048120K available (12300K kernel code, 2473K rwdata, 4272K rodata, 2408K init, 2416K bss, 64664K reserved, 0K cma-reserved)
[    0.000000] SLUB: HWalign=64, Order=0-3, MinObjects=0, CPUs=2, Nodes=1
[    0.000000] Kernel/User page tables isolation: enabled
[    0.000000] ftrace: allocating 39216 etries in 154 pages
[    0.004000] Hierarchical RCU implementation.
[    0.004000] 	RCU restricting CPUs from NR_CPUS=8192 to nr_cpu_ids=2.
[    0.004000] 	Tasks RCU enabled.
[    0.004000] RCU: Adjusting geometry for rcu_fanout_leaf=16, nr_cpu_ids=2
[    0.004000] NR_IRQS: 524544, nr_irqs: 440, preallocated irqs: 16
[    0.004000] Console: colour VGA+ 80x25
[    0.004000] console [tty1] enabled
[    0.004000] console [ttyS0] enabled
[    0.004000] ACPI: Core revision 20170831
[   0004000] ACPI: 2 ACPI AML tables successfully acquired and loaded
[    0.004000] APIC: Switch to symmetric I/O mode setup
[    0.004278] x2apic enabled
[    0.008008] Switched APIC routing to physical x2apic.
[    0.010351] ..TIMER: vector=0x30 apic1=0 pin1=2 apic2=-1 pin2=-1
[    0.012004] tsc: Detected 2299.998 MHz processor
[    0.014248] Calibrating delay loop (skipped) preset value.. 4599.99 BogoMIPS (lpj=9199992)
[    0.016008] pid_max: default: 32768 minimum: 301
[    0.020051] Security Framework initialized
[    0.024005] Yama: becoming mindful.
[    0.024811] AppArmor: AppArmor initialized
[    0.028072] Dentry cache hash table entries: 131072 (order: 8, 1048576 bytes)
[    0.032106] Inode-cache hash table entries: 65536 (order: 7, 524288 bytes)
[    0.036035] Mount-cache hash table entries: 2048 (order: 2, 16384 bytes)
[    0.040014] Mountpoint-cache hash table entries: 2048 (order: 2, 16384 bytes)
[    0.044342] mce: CPU supports 0 MCE banks
[    0.045307] Last level iTLB entries: 4KB 1024, 2MB 1024, 4MB 1024
[    0.048004] Last level dTLB entries: 4KB 1024, 2MB 1024, 4MB 1024, 1GB 4
[    0.052006] Spectre V2 : Mitigation: Full generic retpoline
[    0.053309] Spectre V2 : Spectre v2 / SpectreRSB mitigation: Filling RSB on context switch
[    0.056007] Speculative Store Bypass: Vulnerable
[    0.060069] MDS: Vulnerable: Clear CPU buffers attempted, no microcode
[    0.062255] Freeing SMP alternatives memory: 36K
[    0.068000] smpboot: CPU0: Intel(R) Core(TM) i7-4650U CPU @ 1.70GHz (family: 0x6, model: 0x45, stepping: 0x1)
[    0.068098] Performance Events: unsupported p6 CPU model 69 no PMU driver, software events only.
[    0.072092] Hierarchical SRCU implementation.
[    0.073574] NMI watchdog: Perf event create on CPU 0 failed with -2
[    0.076002] NMI watchdog: Perf NMI watchdog permanently disabled
[    0.080089] smp: Bringing up secondary CPUs ...
[    0.081214] x86: Booting SMP configuration:
[    0.084007] .... node  #0, CPUs:      #1
[    0.004000] kvm-clock: cpu 1, msr 0:3ff44041, secondary cpu clock
[    0.004000] mce: CPU supports 0 MCE banks
[    0.092026] smp: Brought up 1 node, 2 CPUs
[    0.096010] smpboot: Max logical packages: 1
[    0.096826] smpboot: Total of 2 processors activated (9199.99 BogoMIPS)
[    0.100065] devtmpfs: initialized
[    0.104068] x86/mm: Memory block size: 128MB
[    0.108170] evm: security.selinux
[    0.112008] evm: security.SMACK64
[    0.116006] evm: security.SMACK64EXEC
[    0.116719] evm: security.SMACK64TRANSMUTE
[    0.117498] evm: security.SMACK64MMAP
[    0.118205] evm: security.apparmor
[    0.118979] evm: security.ima
[    0.120003] evm: security.capability
[    0.124112] clocksource: jiffies: mask: 0xffffffff max_cycles: 0xffffffff, max_idle_ns: 7645041785100000 ns
[    0.128023] futex hash table entries: 512 (order: 3, 32768 bytes)
[    0.132095] pinctrl core: initialized pinctrl subsystem
[    0.136139] RTC time: 10:46:06, date: 07/09/19
[    0.140271] NET: Registered protocol family 16
[    0.141347] audit: initializing netlink subsys (disabled)
[    0.144012] audit: type=2000 audit(1562669162.732:1): state=initialized audit_enabled=0 res=1
[    0.208013] cpuidle: using governor ladder
[    0.212013] cpuidle: using governor menu
[    0.216069] ACPI: bus type PCI registered
[    0.220009] acpiphp: ACPI Hot Plug PCI Controller Driver version: 0.5
[    0.221641] PCI: Using configuration type 1 for base access
[    0.225074] HugeTLB registered 2.00 MiB page size, pre-allocated 0 pages
[    0.232089] ACPI: Added _OSI(Module Device)
[    0.236048] ACPI: Added _OSI(Processor Device)
[    0.240017] ACPI: Added _OSI(3.0 _SCP Extensions)
[    0.244007] ACPI: Added _OSI(Processor Aggregator Device)
[    0.248006] ACPI: Added _OSI(Linux-Dell-Video)
[    0.252007] ACPI: Added _OSI(Linux-Lenovo-NV-HDMI-Audio)
[    0.256008] ACPI: Added _OSI(Linux-HPI-Hybrid-Graphics)
[    0.260780] ACPI: Executed 1 blocks of module-level executable AML code
[    0.275839] ACPI: Interpreter enabled
[    0.276059] ACPI: (supports S0 S5)
[    0.280010] ACPI: Using IOAPIC for interrupt routing
[    0.281610] PCI: Using host bridge windows from ACPI; if necessary, use "pci=nocrs" and report a bug
[    0.284210] ACPI: Enabled 2 GPEs in block 00 to 07
[    0.296622] ACPI: PCI Root Bridge [PCI0] (domain 0000 [bus 00-ff])
[    0.298122] acpi PNP0A03:00: _OSC: OS supports [ASPM ClockPM Segments MSI]
[    0.300037] acpi PNP0A03:00: _OSC: not requesting OS control; OS requires [ExtendedConfig ASPM ClockPM MSI]
[    0.304022] acpi PNP0A03:00: fail to add MMCONFIG information, can't access extended PCI configuration space under this bridge.
[    0.308440] PCI host bridge to bus 0000:00
[    0.309448] pci_bus 0000:00: root bus resource [io  0x0000-0x0cf7 window]
[    0.312012] pci_bus 0000:00: root bus resource [io  0x0d00-0xffff window]
[    0.316004] pci_bus 0000:00: root bus resource [mem 0x000a0000-0x000bffff window]
[    0.317376] pci_bus 0000:00: root bus resource [mem 0x40000000-0xfdffffff window]
[    0.318746] pci_bus 0000:00: root bus resource [bus 00-ff]
[    0.322081] pci 0000:00:01.1: legacy IDE quirk: reg 0x10: [io  0x01f0-0x01f7]
[    0.324004] pci 0000:00:01.1: legacy IDE quirk: reg 0x14: [io  0x03f6]
[    0.325335] pci 0000:00:01.1: legacy IDE quirk: reg 0x18: [io  0x0170-0x0177]
[    0.328003] pci 0000:00:01.1: legacy IDE quirk: reg 0x1c: [io  0x0376]
[    0.349775] pci 0000:00:07.0: quirk: [io  0x4000-0x403f] claimed by PIIX4 ACPI
[    0.352022] pci 0000:00:07.0: quirk: [io  0x4100-0x410f] claimed by PIIX4 SMB
[    0.370010] ACPI: PCI Interrupt Link [LNKA] (IRQs 5 9 10 *11)
[    0.372330] ACPI: PCI Interrupt Link [LNKB] (IRQs 5 9 *10 11)
[    0.376140] ACPI: PCI Interrupt Link [LNKC] (IRQs 5 *9 10 11)
[    0.380155] ACPI: PCI Interrupt Link [LNKD] (IRQs 5 9 10 *11)
[    0.384477] SCSI subsystem initialized
[    0.388102] pci 0000:00:02.0: vgaarb: setting as boot VGA device
[    0.392000] pci 0000:00:02.0: vgaarb: VGA device added: decodes=io+mem,owns=io+mem,locks=none
[    0.392012] pci 0000:00:02.0: vgaarb: bridge control possible
[    0.396009] vgaarb: loaded
[    0.404015] ACPI: bus type USB registered
[    0.408071] usbcore: registered new interface driver usbfs
[    0.412035] usbcore: registered new interface driver hub
[    0.416060] usbcore: registered new device driver usb
[    0.420165] EDAC MC: Ver: 3.0.0
[    0.424382] PCI: Using ACPI for IRQ routing
[    0.428279] NetLabel: Initializing
[    0.429035] NetLabel:  domain hash size = 128
[    0.429952] NetLabel:  protocols = UNLABELED CIPSOv4 CALIPSO
[    0.432018] NetLabel:  unlabeled traffic allowed by default
[    0.436101] clocksource: Switched to clocksource kvm-clock
[    .555] VFS Diskuos qut_6.
[  00290] VFS: Dquot-cache hash table entres: 512 (order 0, 4096 bytes)
[    1.118188] AppArmor: AppArmor Filesystem Enabled
[    1.119422] pnp: PnP ACPI init
[   1.122801] pnp: PnPACPI: found 3 devices

[   .211868] clockource: acpi_pm: mask: 0xffffff max_cycles: 0xffffff, max_idle_ns: 2085701024 ns
[    1.331944] NET: Registered protocol family 2

[   1.336272] TCP established hash table entries: 8192 (order: 4, 6536 bytes)
[    1.43806 TP bind hash table entries: 8192 (order: 5, 131072 bytes)
[    1.614523] TCP: Hash tables configured (established 812 nd 8192)
[    1.691101] UDP hsh tableentries: 512 (order: 2164 te
[    1.906] P-Lite hash table entries: 512 (order: 2, 38 bes
[  2.303774] NET: Registered protocol family 1
[    2.355868] pci 0000:00:00.0: Limiting direct PCI/PCI transfers
[    2.357136] pci 0000:00:01.0: Activating ISA DMA hang workarounds
[    2.358432] pci 0000:00:02.0: Video device with shadowed OM at [mem 0x000c0000-0x000dffff]
[    2.384917] Unpacking initramfs...

[    2.705006] Freeing initrd memory: 19128K
[    2.727327] clocksource: tsc: mask: 0xffffffffffffffff max_cycles: 0x212733415c7, max_idle_ns: 440795236380 ns
[    2.742201] platform rtc_cmos: registered platform RTC device (no PNP device found)
[    2.743854] Scanning for low memory corruption every 60 seconds
[    2.759650] Initialise system trusted keyrings
[    2.782115] Key type blacklist registered
[    2.804896] workingset: timestamp_bits=36 max_order=18 bucket_order=0
[    2.826366] zbud: loaded
[    2.844471] squashfs: version 4.0 (2009/01/31) Phillip Lougher
[    2.890166] fuse init (API version 7.26)
[    2.934114] Key type asymmetric registered
[    2.962166] Asymmetric key parser 'x509' registered
[    2.964300] Block layer SCSI generic (bsg) driver version 0.4 loaded (major 246)
[    2.984459] io scheduler noop registered
[    3.000400] io scheduler deadline registered
[    3.013376] io scheduler cfq registered (default)
[    3.021917] ACPI: AC Adapter [AC] (on-line)
[    3.033950] input: Power Button as /devices/LNXSYSTM:00/LNXPWRBN:00/input/input0
[    3.036232] ACPI: Power Button [PWRF]
[    3.054579] input: Sleep Button as /devices/LNXSYSTM:00/LNXSLPBN:00/input/input1
[    3.110712] ACPI: Sleep Button [SLPF]
[    3.113914] ACPI: Battery Slot [BAT0] (battery present)
[    1210Seal82/16550 drivr,2 rt I sri ebl

[    3.865706] 00:02: ttyS0 at I/O 0x3f8 (irq = 4, base_baud = 115200) is a 16550A
[    3.913050] Linux agpgart interface v0.103
[    3.957697] loop: module loaded
[    3.996984] scsi host0: ata_piix
[    4.030425] scsi host1: ata_piix
[    4.033051] ata1: PATA max UDMA/33 cmd 0x1f0 ctl 0x3f6 bmdma 0xd000 irq 14
[    4.034851] ata2: PATA max UDMA/33 cmd 0x170 ctl 0x376 bmdma 0xd008 irq 15
[    4.036705] libphy: Fixed MDIO Bus: probed
[    4.038942] tun: Universal TUN/TAP device driver, 1.6
[    4.040868] PPP generic driver version 2.4.2
[    4.042157] ehci_hcd: USB 2.0 'Enhanced' Host Controller (EHCI) Driver
[    4.085302] ehci-pci: EHCI PCI platform driver
[    4.117779] ehci-platform: EHCI generic platform driver
[    4.154685] ohci_hcd: USB 1.1 'Open' Host Controller (OHCI) Driver
[    4.156143] ohci-pci: OHCI PCI platform driver
[    4.174138] ohci-platform: OHCI generic platform driver
[    4.251426] uhci_hcd: USB Universal Host Controller Interface driver
[   4.6529] i802:NPPS Ctrle[PNP0303:P2KNP03S2 a0x,04 q 12
[    5.245982] serio: i042 KBD port at 0x60,0x64irq 1
[    5.31531seio: i80 A prtt 60x6 irq 12
[    5.742400] mousedev: PS/2 mouse device common for all mice
[    5.763796] rtc_cmos rtc_cmos: rtc core: registered rtc_cmos as rtc0
[    5.771067] input: AT Translated Set 2 keyboard as /devices/platform/i8042/serio0/input/input2
[    5.772134] rtc_cmos rtc_cmos: alarms up to one day, 114 bytes nvram
[    5.772143] i2c /dev entries driver
[    5.772236] device-mapper: uevent: version 1.0.3
[    5.772293] device-mapper: ioctl: 4.37.0-ioctl (2017-09-20) initialised: dm-devel@redhat.com
[    5.852781] ledtrig-cpu: registered to indicate activity on CPUs
[    6.013785] NET: Registered protocol family 10
[    6.020035] Segment Routing with IPv6
[    6.079366] NET: Registered protocol family 17
[    6.109178] Key type dns_resolver registered
[    6.168690] RAS: Correctable Errors collector initialized.
[    6.240744] sched_clock: Marking stable (6240690712, 0)->(16793791395, -10553100683)
[    6.322131] registered taskstats version 1
[    6.332551] Loading compiled-in X.509 certificates
[    6.374648] Loaded X.509 cert 'Build time autogenerated kernel key: 1cc14bc8298a06d551159822c55fa35abd77a621'
[    6.410539] zswap: loaded using pool lzo/zbud
[    6.426456] Key type big_key registered
[    6.442345] Key type trusted registered
[    6.451519] Key type encrypted registered
[    6.485538] AppArmor: AppArmor sha1 policy hashing enabled
[    6.565482] ima: No TPM chip found, activating TPM-bypass! (rc=-19)
[    6.572123] ima: Allocated hash algorithm: sha1
[    6.580369] evm: HMAC attrs: 0x1
[    6.639285]   Magic number: 11:975:779
[    6.695236] rtc_cmos rtc_cmos: setting system clock to 2019-07-09 10:46:14 UTC (1562669174)
[    6.829010] BIOS EDD facility v0.16 2004-Jun-25, 0 devices found
[    6.927752] EDD information not available.
[    7.061096] Freeing unused kernel image memory: 2408K
[    7.156355] Write protecting the kernel read-only data: 20480k
[    7.361669] Freeing unused kernel image memory: 2008K
[    7.467844] Freeing unused kernel image memory: 1872K
[    7.501967] x86/mm: Checked W+X mappings: passed, no W+X pages found.
[    7.516678] x86/mm: Checking user space page tables
[    7.535536] x86/mm: Checked W+X mappings: passed, no W+X pages found.
Loading, please wait...
starting version 237
[    7.660617] e1000: Intel(R) PRO/1000 Network Driver - version 7.3.21-k8-NAPI
[    7.664224] e1000: Copyright (c) 1999-2006 Intel Corporation.
[    7.671852] Fusion MPT base driver 3.04.20
[    7.682257] Copyright (c) 1999-2008 LSI Corporation
[    7.696789] Fusion MPT SPI Host driver 3.04.20
[    7.708010] AVX2 version of gcm_enc/dec engaged.
[    7.710292] AES CTR mode by8 optimization enabled
[    7.916177] input: ImExPS/2 Generic Explorer Mouse as /devices/platform/i8042/serio1/input/input4
[    8.058544] e1000 0000:00:03.0 eth0: (PCI:33MHz:32-bit) 02:54:57:2b:5c:0a
[    9.439491] e1000 0000:00:03.0 eth0: Intel(R) PRO/1000 Network Connection
[    9.517892] mptbase: ioc0: Initiating bringup
[    9.745150] ioc0: LSI53C1030 A0: Capabilities={Initiator}
[   10.892845] scsi host2: ioc0: LSI53C1030 A0, FwRev=00000000h, Ports=1, MaxQ=256, IRQ=20
[   11.689473] scsi 2:0:0:0: Direct-Access     VBOX     HARDDISK         1.0  PQ: 0 ANSI: 5
[   12.444238] scsi target2:0:0: Beginning Domain Validation
[   12.496115] scsi target2:0:0: Domain Validation skipping write tests
[   12.525848] e1000 0000:00:08.0 eth1: (PCI:33MHz:32-bit) 08:00:27:0f:41:7d
[   12.525854] e1000 0000:00:08.0 eth1: Intel(R) PRO/1000 Network Connection
[   12.554917] scsi target2:0:0: Ending Domain Validation
[   12.594464] e1000 0000:00:08.0 enp0s8: renamed from eth1
[   12.607805] scsi target2:0:0: asynchronous
[   12.610709] scsi 2:0:1:0: Direct-Access     VBOX     HARDDISK         1.0  PQ: 0 ANSI: 5
[   12.638511] e1000 0000:00:03.0 enp0s3: renamed from eth0
[   12.708723] scsi target2:0:1: Beginning Domain Validation
[   12.759323] random: fast init done
[   13.333783] scsi target2:0:1: Domain Validation skipping write tests
[   13.370748] scsi target2:0:1: Ending Domain Validation
[   13.413059] scsi target2:0:1: asynchronous
[   13.421349] random: systemd-udevd: uninitialized urandom read (16 bytes read)
[   13.455326] random: systemd-udevd: uninitialized urandom read (16 bytes read)
[   13.455739] sd 2:0:0:0: [sda] 20971520 512-byte logical blocks: (10.7 GB/10.0 GiB)
[   13.455802] sd 2:0:0:0: [sda] Write Protect is off
[   13.455923] sd 2:0:0:0: [sda] Incomplete mode parameter data
[   13.455924] sd 2:0:0:0: [sda] Assuming drive cache: write through
[   13.539078] sd 2:0:0:0: Attached scsi generic sg0 type 0
[   13.539797] sd 2:0:1:0: Attached scsi generic sg1 type 0
[   13.540146] sd 2:0:1:0: [sdb] 20480 512-byte logical blocks: (10.5 MB/10.0 MiB)
[   13.540220] sd 2:0:1:0: [sdb] Write Protect is off
[   13.540439]  sda: sda1
[   13.540607] sd 2:0:1:0: [sdb] Incomplete mode parameter data
[   13.540632] sd 2:0:1:0: [sdb] Assuming drive cache: write through
[   13.541121] sd 2:0:0:0: [sda] Attached SCSI disk
[   13.542864] sd 2:0:1:0: [sdb] Attached SCSI disk
[   13.939276] random: systemd-udevd: uninitialized urandom read (16 bytes read)
Begin: Loading essential drivers ... [   15.517797] raid6: sse2x1   gen()  9737 MB/s
[   15.564126] raid6: sse2x1   xor()  3645 MB/s
[   15.612162] raid6: sse2x2   gen()  5623 MB/s
[   15.668035] raid6: sse2x2   xor()  6120 MB/s
[   15.764156] raid6: sse2x4   gen() 13447 MB/s
[   15.860110] raid6: sse2x4   xor()  8515 MB/s
[   15.956090] raid6: avx2x1   gen() 15655 MB/s
[   16.008520] raid6: avx2x1   xor() 12552 MB/s
[   16.098766] raid6: avx2x2   gen() 22882 MB/s
[   16.167256] raid6: avx2x2   xor() 14651 MB/s
[   16.244514] raid6: avx2x4   gen() 23884 MB/s
[   16.316041] raid6: avx2x4   xor() 15021 MB/s
[   16.326408] raid6: using algorithm avx2x4 gen() 23884 MB/s
[   16.366053] raid6: .... xor() 15021 MB/s, rmw enabled
[   16.409511] raid6: using avx2x2 recovery algorithm
[   16.424384] xor: automatically using best checksumming function   avx       
[   16.505452] async_tx: api initialized (async)
done.
Begin: Running /scripts/init-premount ... done.
Begin: Mounting root file system ... Begin: Running /scripts/local-top ... done.
Begin: Running /scripts/local-premount ... [   16.602146] Btrfs loaded, crc32c=crc32c-intel
Scanning for Btrfs filesystems
done.
Warning: fsck not present, so skipping root file system
[   16.647975] EXT4-fs (sda1): mounted filesystem with ordered data mode. Opts: (null)
done.
Begin: Running /scripts/local-bottom ... done.
Begin: Running /scripts/init-bottom ... done.
[   16.967890] ip_tables: (C) 2000-2006 Netfilter Core Team
[   17.035776] systemd[1]: systemd 237 running in system mode. (+PAM +AUDIT +SELINUX +IMA +APPARMOR +SMACK +SYSVINIT +UTMP +LIBCRYPTSETUP +GCRYPT +GNUTLS +ACL +XZ +LZ4 +SECCOMP +BLKID +ELFUTILS +KMOD -IDN2 +IDN -PCRE2 default-hierarchy=hybrid)
[   17.059418] systemd[1]: Detected virtualization oracle.
[   17.085110] systemd[1]: Detected architecture x86-64.

Welcome to [1mUbuntu 18.04.2 LTS[0m!

[   17.133494] systemd[1]: Set hostname to <ubuntu-bionic>.
[   17.612019] systemd[1]: Reached target System Time Synchronized.
[[0;32m  OK  [0m] Reached target System Time Synchronized.
[   17.619272] systemd[1]: Created slice System Slice.
[[0;32m  OK  [0m] Created slice System Slice.
[   17.645286] systemd[1]: Created slice system-serial\x2dgetty.slice.
[[0;32m  OK  [0m] Created slice system-serial\x2dgetty.slice.
[   17.649031] systemd[1]: Set up automount Arbitrary Executable File Formats File System Automount Point.
[[0;32m  OK  [0m] Set up automount Arbitrary Executab…rmats File System Automount Point.
[   17.653559] systemd[1]: Started Forward Password Requests to Wall Directory Watch.
[[0;32m  OK  [0m] Started Forward Password Requests to Wall Directory Watch.
[   17.657399] systemd[1]: Listening on Device-mapper event daemon FIFOs.
[[0;32m  OK  [0m] Listening on Device-mapper event daemon FIFOs.
[[0;32m  OK  [0m] Listening on Network Service Netlink Socket.
[[0;32m  OK  [0m] Reached target User and Group Name Lookups.
[[0;32m  OK  [0m] Listening on Syslog Socket.
[[0;32m  OK  [0m] Listening on Journal Socket (/dev/log).
[[0;32m  OK  [0m] Listening on LVM2 poll daemon socket.
[[0;32m  OK  [0m] Listening on LVM2 metadata daemon socket.
[[0;32m  OK  [0m] Listening on Journal Audit Socket.
[[0;32m  OK  [0m] Listening on udev Kernel Socket.
[[0;32m  OK  [0m] Listening on /dev/initctl Compatibility Named Pipe.
[[0;32m  OK  [0m] Reached target Swap.
[[0;32m  OK  [0m] Listening on udev Control Socket.
[[0;32m  OK  [0m] Created slice User and Session Slice.
[[0;32m  OK  [0m] Reached target Slices.
[[0;32m  OK  [0m] Listening on Journal Socket.
         Starting Create list of required st…ce nodes for the current kernel...
         Starting udev Coldplug all Devices...
         Mounting Kernel Debug File System...
         Starting Monitoring of LVM2 mirrors…ng dmeventd or progress polling...
         Starting Remount Root and Kernel File Systems...
[   17.896574] EXT4-fs (sda1): re-mounted. Opts: (null)
         Starting Uncomplicated firewall...
         Mounting Huge Pages File System...
         Mounting POSIX Message Queue File System...
         Starting Set the console keyboard layout...
         Starting Load Kernel Modules...
[   18.092007] Loading iSCSI transport class v2.0-870.
         Starting Journal Service...
[[0;32m  OK  [0m] Started Create list of required sta…vice nodes for the current kernel.
[   18.156310] iscsi: registered transport (tcp)
[[0;32m  OK  [0m] Mounted Kernel Debug File System.
[[0;32m  OK  [0m] Started Remount Root and Kernel File Systems.
[[0;32m  OK  [0m] Started Uncomplicated firewall.
[[0;32m  OK  [0m] Mounted Huge Pages File System.
[[0;32m  OK  [0m] Mounted POSIX Message Queue File System.
[   18.209056] iscsi: registered transport (iser)
[[0;32m  OK  [0m] Started LVM2 metadata daemon.
         Starting Load/Save Random Seed...
         Starting Create Static Device Nodes in /dev...
[[0;32m  OK  [0m] Started Load Kernel Modules.
         Starting Apply Kernel Variables...
         Mounting Kernel Configuration File System...
         Mounting FUSE Control File System...
[[0;32m  OK  [0m] Started Journal Service.
[[0;32m  OK  [0m] Started Set the console keyboard layout.
[[0;32m  OK  [0m] Started Monitoring of LVM2 mirrors,…sing dmeventd or progress polling.
[[0;32m  OK  [0m] Started udev Coldplug all Devices.
[[0;32m  OK  [0m] Started Load/Save Random Seed.
[[0;32m  OK  [0m] Started Create Static Device Nodes in /dev.
[[0;32m  OK  [0m] Started Apply Kernel Variables.
[[0;32m  OK  [0m] Mounted Kernel Configuration File System.
[[0;32m  OK  [0m] Mounted FUSE Control File System.
         Starting udev Kernel Device Manager...
[[0;32m  OK  [0m] Reached target Local File Systems (Pre).
[[0;32m  OK  [0m] Reached target Local File Systems.
         Starting Set console font and keymap...
         Starting AppArmor initialization...
         Starting Tell Plymouth To Write Out Runtime Data...
         Starting ebtables ruleset management...
         Starting Flush Journal to Persistent Storage...
[[0;32m  OK  [0m] Started udev Kernel Device Manager.
[[0;32m  OK  [0m] Started Set console font and keymap.
[[0;32m  OK  [0m] Started Tell Plymouth To Write Out Runtime Data.
[[0;32m  OK  [0m] Started Dispatch Password Requests to Console Directory Watch.
[[0;32m  OK  [0m] Reached target Local Encrypted Volumes.
[[0;32m  OK  [0m] Started ebtables ruleset management.
[[0;32m  OK  [0m] Started Flush Journal to Persistent Storage.
         Starting Create Volatile Files and Directories...
[[0;32m  OK  [0m] Started Create Volatile Files and Directories.
         Starting Update UTMP about System Boot/Shutdown...
[[0;32m  OK  [0m] Started Update UTMP about System Boot/Shutdown.
[[0;32m  OK  [0m] Started AppArmor initialization.
         Starting Initial cloud-init job (pre-networking)...
[[0;32m  OK  [0m] Found device /dev/ttyS0.
[[0;32m  OK  [0m] Listening on Load/Save RF Kill Switch Status /dev/rfkill Watch.
[   20.595555] cloud-init[513]: Cloud-init v. 19.1-1-gbaa47854-0ubuntu1~18.04.1 running 'init-local' at Tue, 09 Jul 2019 10:46:28 +0000. Up 20.32 seconds.
[[0;32m  OK  [0m] Started Initial cloud-init job (pre-networking).
[[0;32m  OK  [0m] Reached target Network (Pre).
         Starting Network Service...
[[0;32m  OK  [0m] Started Network Service.
         Starting Network Name Resolution...
         Starting Wait for Network to be Configured...
[[0;32m  OK  [0m] Started Network Name Resolution.
[[0;32m  OK  [0m] Reached target Network.
[[0;32m  OK  [0m] Reached target Host and Network Name Lookups.
[[0;32m  OK  [0m] Started Wait for Network to be Configured.
         Starting Initial cloud-init job (metadata service crawler)...
[   23.283517] cloud-init[676]: Cloud-init v. 19.1-1-gbaa47854-0ubuntu1~18.04.1 running 'init' at Tue, 09 Jul 2019 10:46:30 +0000. Up 23.11 seconds.
[   23.337335] cloud-init[676]: ci-info: ++++++++++++++++++++++++++++++++++++++Net device info+++++++++++++++++++++++++++++++++++++++
[   23.420345] cloud-init[676]: ci-info: +--------+------+-----------------------------+---------------+--------+-------------------+
[   23.524604] cloud-init[676]: ci-info: | Device |  Up  |           Address           |      Mask     | Scope  |     Hw-Address    |
[[0;32m  OK  [0m] Started Initial cloud-init job (metadata service crawler).
[   23.638858] [cloud-init[0;32m  OK  [0m[676]: ] ci-info: +--------+------+-----------------------------+---------------+--------+-------------------+Reached target System Initialization.

[[0;32m  OK  [0m] Started Daily apt download activities.
[   23.776787] [cloud-init[0;32m  OK  [0m[676]: ] ci-info: | enp0s3 | True |          10.0.2.15          | 255.255.255.0 | global | 02:54:57:2b:5c:0a |Started Daily apt upgrade and clean activities.

[   23.901179] [cloud-init[0;32m  OK  [0m[676]: ] ci-info: | enp0s3 | True |  fe80::54:57ff:fe2b:5c0a/64 |       .       |  link  | 02:54:57:2b:5c:0a |Started Message of the Day.

[[0;32m  OK  [0m] Listening on D-Bus System Message Bus Socket.
[   23.936933] cloud-init[676]: ci-info: | enp0s8 | True |        192.168.33.10        | 255.255.255.0 | global | 08:00:27:0f:41:7d |
[[0;32m  OK  [0m] Started ACPI Events Check.
[   24.040332] [cloud-init[0;32m  OK  [0m[676]: ] ci-info: | enp0s8 | True | fe80::a00:27ff:fe0f:417d/64 |       .       |  link  | 08:00:27:0f:41:7d |Listening on UUID daemon activation socket.

         Starting Socket activation for snappy daemon.
[   24.125440] cloud-init[676]: ci-info: |   lo   | True |          127.0.0.1          |   255.0.0.0   |  host  |         .         |
         Starting LXD - unix socket.
[[0;32m  OK  [0m] Started Discard unused blocks once a week.
[[0;32m  OK  [0m] Listening on ACPID Listen Socket.
[[0;32m  OK  [0m] Listening on Open-iSCSI iscsid Socket.
[[0;32m  OK  [0m] Started Daily Cleanup of Temporary Directories.
[[0;32m  OK  [0m] Reached target Timers.
[   24.214646] cloud-init[676]: ci-info: |   lo   | True |           ::1/128           |       .       |  host  |         .         |
[   24.409003] cloud-init[676]: ci-info: +--------+------+-----------------------------+---------------+--------+-------------------+
[   24.460538] cloud-init[676]: ci-info: +++++++++++++++++++++++++++++Route IPv4 info+++++++++++++++++++++++++++++
[   24.490476] cloud-init[676]: ci-info: +-------+--------------+----------+-----------------+-----------+-------+
[[0;32m  OK  [0m] Reached target Paths.
[[0;32m  OK  [0m] Reached target Network is Online.
[   24.499509] cloud-init[676]: ci-info: | Route | Destination  | Gateway  |     Genmask     | Interface | Flags |
[   24.503906] cloud-init[676]: ci-info: +-------+--------------+----------+-----------------+-----------+-------+
         Starting Availability of block devices...
[[0;32m  OK  [0m] Reached target Remote File Systems (Pre).
[[0;32m  OK  [0m] Reached target Remote File Systems.
[[0;32m  OK  [0m] Reached target Cloud-config availability.
[[0;32m  OK  [0m] Listening on Socket activation for snappy daemon.
[[0;32m  OK  [0m] Listening on LXD - unix socket.
[   24.575197] cloud-init[676]: ci-info: |   0   |   0.0.0.0    | 10.0.2.2 |     0.0.0.0     |   enp0s3  |   UG  |
[   24.788174] [cloud-init[0;32m  OK  [0m[676]: ] ci-info: |   1   |   10.0.2.0   | 0.0.0.0  |  255.255.255.0  |   enp0s3  |   U   |Started Availability of block devices.

[[0;32m  OK  [0m] Reached target Sockets.
[[0;32m  OK  [0m] Reached target Basic System.
[   24.835217] cloud-init[676]: ci-info: |   2   |   10.0.2.2   | 0.0.0.0  | 255.255.255.255 |   enp0s3  |   UH  |
         Starting Permit User Sessions...
[   24.946672] cloud-init[676]: ci-info: |   3   | 192.168.33.0 | 0.0.0.0  |  255.255.255.0  |   enp0s8  |   U   |
         Starting LXD - container startup/shutdown...
[   25.001939] cloud-init[676]: ci-info: +-------+--------------+----------+-----------------+-----------+-------+
         Starting Accounts Service...
[   25.053197] cloud-init[676]: ci-info: +++++++++++++++++++Route IPv6 info+++++++++++++++++++
[[0;32m  OK  [0m] Started irqbalance daemon.
[   25.102359] cloud-init[676]: ci-info: +-------+-------------+---------+-----------+-------+
         Starting LSB: Record successful boot for GRUB...
[   25.138998] cloud-init[676]: ci-info: | Route | Destination | Gateway | Interface | Flags |
         Starting Login Service...
[   25.169022] cloud-init[676]: ci-info: +-------+-------------+---------+-----------+-------+         Starting OpenBSD Secure Shell server...
[[0;32m  OK  [0m] Started D-Bus System Message Bus.

[   25.182800] cloud-init[676]: ci-info: |   1   |  fe80::/64  |    ::   |   enp0s8  |   U   |
[   25.191060] cloud-init[676]: ci-info: |   2   |  fe80::/64  |    ::   |   enp0s3  |   U   |
[   25.210029] cloud-init[676]: ci-info: |   4   |    local    |    ::   |   enp0s3  |   U   |
[   25.227686] cloud-init[676]: ci-info: |   5   |    local    |    ::   |   enp0s8  |   U   |
[   25.260706] cloud-init[676]: ci-info: |   6   |   ff00::/8  |    ::   |   enp0s8  |   U   |
[   25.288690] cloud-init[676]: ci-info: |   7   |   ff00::/8  |    ::   |   enp0s3  |   U   |
         Starting Dispatcher daemon for systemd-networkd...
[   25.320766] cloud-init[676]: ci-info: +-------+-------------+---------+-----------+-------+
[[0;32m  OK  [0m] Started Deferred execution scheduler.
         Starting Snappy daemon...
         Starting LSB: automatic crash report generation...
[[0;32m  OK  [0m] Started FUSE filesystem for LXC.
[[0;32m  OK  [0m] Started Regular background program processing daemon.
         Starting vboxadd.service...
         Starting System Logging Service...
[[0;32m  OK  [0m] Started Permit User Sessions.
[[0;32m  OK  [0m] Started LXD - container startup/shutdown.
[[0;32m  OK  [0m] Started System Logging Service.
[[0;32m  OK  [0m] Started OpenBSD Secure Shell server.
[[0;32m  OK  [0m] Started Login Service.
[[0;32m  OK  [0m] Started Unattended Upgrades Shutdown.
         Starting Authorization Manager...
         Starting Hold until boot process finishes up...
         Starting Terminate Plymouth Boot Screen...
[[0;32m  OK  [0m] Started Hold until boot process finishes up.
[[0;32m  OK  [0m] Started Terminate Plymouth Boot Screen.
[[0;32m  OK  [0m] Started LSB: Record successful boot for GRUB.
[[0;32m  OK  [0m] Started LSB: automatic crash report generation.
[[0;32m  OK  [0m] Started Serial Getty on ttyS0.
         Starting Set console scheme...
[[0;32m  OK  [0m] Started Set console scheme.
[[0;32m  OK  [0m] Started Authorization Manager.
[[0;32m  OK  [0m] Started Accounts Service.
[[0;32m  OK  [0m] Created slice system-getty.slice.
[[0;32m  OK  [0m] Started Getty on tty1.
[[0;32m  OK  [0m] Reached target Login Prompts.
[[0;32m  OK  [0m] Started Dispatcher daemon for systemd-networkd.
[[0;32m  OK  [0m] Started Snappy daemon.
[[0;32m  OK  [0m] Created slice User Slice of vagrant.
         Starting User Manager for UID 1000...
         Starting Wait until snapd is fully seeded...
[[0;32m  OK  [0m] Started Session 1 of user vagrant.
[[0;32m  OK  [0m] Started Wait until snapd is fully seeded.
[[0;32m  OK  [0m] Started vboxadd.service.
[[0;32m  OK  [0m] Started User Manager for UID 1000.
         Starting vboxadd-service.service...
         Starting Apply the settings specified in cloud-config...
[[0;32m  OK  [0m] Started vboxadd-service.service.
[[0;32m  OK  [0m] Reached target Multi-User System.
[[0;32m  OK  [0m] Reached target Graphical Interface.
         Starting Update UTMP about System Runlevel Changes...
[[0;32m  OK  [0m] Started Update UTMP about System Runlevel Changes.
[   27.107880] cloud-init[1051]: Cloud-init v. 19.1-1-gbaa47854-0ubuntu1~18.04.1 running 'modules:config' at Tue, 09 Jul 2019 10:46:34 +0000. Up 26.97 seconds.
[[0;32m  OK  [0m] Started Apply the settings specified in cloud-config.
         Starting Execute cloud user/final scripts...
[   27.916292] cloud-init[1150]: Cloud-init v. 19.1-1-gbaa47854-0ubuntu1~18.04.1 running 'modules:final' at Tue, 09 Jul 2019 10:46:35 +0000. Up 27.78 seconds.
[   27.939628] cloud-init[1150]: Cloud-init v. 19.1-1-gbaa47854-0ubuntu1~18.04.1 finished at Tue, 09 Jul 2019 10:46:35 +0000. Datasource DataSourceNoCloud [seed=/dev/sdb][dsmode=net].  Up 27.90 seconds
[[0;32m  OK  [0m] Started Execute cloud user/final scripts.
[[0;32m  OK  [0m] Reached target Cloud-init target.

Ubuntu 18.04.2 LTS ubuntu-bionic ttyS0

ubuntu-bionic login: 